<?xml version="1.0" encoding="UTF-8"?>
<!-- Generated by org.testng.reporters.JUnitReportReporter -->
<testsuite hostname="L-INE-5N15T93" failures="2" tests="4" name="com.Runner.Runner$CucumberRunnerTests" time="45.038" errors="0" timestamp="2024-02-02T11:03:59 IST" skipped="0">
  <testcase classname="com.Runner.Runner$CucumberRunnerTests" name="runScenario" time="17.151">
    <failure message="expected [Accounts Overview] but found [Error!]" type="java.lang.AssertionError">
      <![CDATA[java.lang.AssertionError: expected [Accounts Overview] but found [Error!]
at org.testng.Assert.fail(Assert.java:111)
at org.testng.Assert.failNotEquals(Assert.java:1578)
at org.testng.Assert.assertEqualsImpl(Assert.java:150)
at org.testng.Assert.assertEquals(Assert.java:132)
at org.testng.Assert.assertEquals(Assert.java:656)
at org.testng.Assert.assertEquals(Assert.java:666)
at com.Actions.LoginPageAction.verifyLoginSuccessfull(LoginPageAction.java:45)
at com.StepDefinations.LoginPageStepDefination.verify_user_is_successfully_login_in_the_system(LoginPageStepDefination.java:53)
at ✽.verify user is successfully login in the system(file:///C:/Users/ctawade/OneDrive%20-%20Expleo%20France/Desktop/Project/ParaBank/ParaBankTestingFramework/src/test/resources/Features/Login.feature:12)
]]>
    </failure>
  </testcase> <!-- runScenario -->
  <testcase classname="com.Runner.Runner$CucumberRunnerTests" name="runScenario" time="7.907"/>
  <testcase classname="com.Runner.Runner$CucumberRunnerTests" name="runScenario" time="10.195"/>
  <testcase classname="com.Runner.Runner$CucumberRunnerTests" name="runScenario" time="9.785">
    <failure message="expected [Your account was created successfully. You are now logged in.] but found [If you have an account with us you can sign-up for free instant online access. You will have to provide some personal information.]" type="java.lang.AssertionError">
      <![CDATA[java.lang.AssertionError: expected [Your account was created successfully. You are now logged in.] but found [If you have an account with us you can sign-up for free instant online access. You will have to provide some personal information.]
at org.testng.Assert.fail(Assert.java:111)
at org.testng.Assert.failNotEquals(Assert.java:1578)
at org.testng.Assert.assertEqualsImpl(Assert.java:150)
at org.testng.Assert.assertEquals(Assert.java:132)
at org.testng.Assert.assertEquals(Assert.java:656)
at org.testng.Assert.assertEquals(Assert.java:666)
at com.Actions.RegisterPageAction.verifyRegisaterSucessfullMsg(RegisterPageAction.java:77)
at com.StepDefinations.RegisterPageStepDefination.verify_register_sucessfully_or_not(RegisterPageStepDefination.java:58)
at ✽.verify register sucessfully or not(file:///C:/Users/ctawade/OneDrive%20-%20Expleo%20France/Desktop/Project/ParaBank/ParaBankTestingFramework/src/test/resources/Features/Register.feature:11)
]]>
    </failure>
  </testcase> <!-- runScenario -->
</testsuite> <!-- com.Runner.Runner$CucumberRunnerTests -->
